Not a valid list position.
Could not find element with Id 'katalon.composer.objectrepository.handledmenuitem.spyweb'
Could not find element with Id 'com.kms.katalon.composer.integration.analytics.handledtoolitem.katalonTestOps'
Could not find element with Id 'com.kms.katalon.composer.mobile.dynamicmenucontribution.ios'
Could not find element with Id 'com.kms.katalon.composer.mobile.dynamicmenucontribution.ios'
Warning: NLS unused message: Key in: com.kms.katalon.composer.project.constants.composerProjectMessages
Warning: NLS unused message: Key in: com.kms.katalon.composer.testcase.constants.composerTestcaseMessages
Warning: NLS missing message: BTN_ADDTESTSUITE in: com.kms.katalon.composer.testcase.constants.composerTestcaseMessages
Warning: NLS unused message: DIA_LBL_SELECT_TEST_DATA in: com.kms.katalon.composer.testsuite.constants.composerTestsuiteMessages
Warning: NLS unused message: HAND_WARN_TS_REQUIRES_PLUGIN_DYNAMIC_EXECUTION_TO_OPEN in: com.kms.katalon.composer.testsuite.constants.composerTestsuiteMessages
Warning: NLS unused message: DIA_INFO_KSE_COMBINE_MULTI_DATASOURCE in: com.kms.katalon.composer.testsuite.constants.composerTestsuiteMessages
Warning: NLS missing message: DIA_SHELL_DATA_ITERATION in: com.kms.katalon.composer.testsuite.constants.composerTestsuiteMessages
Warning: NLS missing message: DIA_LBL_TO_ROW in: com.kms.katalon.composer.testsuite.constants.composerTestsuiteMessages
Warning: NLS missing message: DIA_MSG_START_ROW_BIGGER_THAN_END_ROW in: com.kms.katalon.composer.testsuite.constants.composerTestsuiteMessages
Warning: NLS missing message: EDI_TITLE_TEST_CASE_BROWSER in: com.kms.katalon.composer.testsuite.constants.composerTestsuiteMessages
Warning: NLS missing message: DIA_MSG_CHOOSE_DATA_COLUMN in: com.kms.katalon.composer.testsuite.constants.composerTestsuiteMessages
Warning: NLS missing message: DIA_TABLE_EMPTY_COLUMN in: com.kms.katalon.composer.testsuite.constants.composerTestsuiteMessages
Warning: NLS missing message: DIA_WARN_MSG_EMPTY_COLUMN_NAME in: com.kms.katalon.composer.testsuite.constants.composerTestsuiteMessages
Warning: NLS missing message: PA_LBL_TOOLTIP_RETRY_IMMEDIATELY in: com.kms.katalon.composer.testsuite.constants.composerTestsuiteMessages
Warning: NLS unused message: Key in: com.kms.katalon.composer.objectrepository.constant.composerObjectRepositoryMessages
WebView Server has been started on port 56615
Warning: NLS missing message: PA_URL_SUPPORT_PORTAL in: com.kms.katalon.constants.messages
Warning: NLS missing message: URL_KATALON_SURVEY in: com.kms.katalon.constants.messages
Warning: NLS missing message: OFFLINE_ACTIVATION in: com.kms.katalon.constants.messages
Warning: NLS missing message: ENTERPRISE_TRIAL_LICENSE in: com.kms.katalon.constants.messages
Warning: NLS missing message: ActivationDialogV2_LBL_ENTERPRISE_LICENSE in: com.kms.katalon.constants.messages
Warning: NLS missing message: About_LBL_EDITION in: com.kms.katalon.constants.messages
Warning: NLS missing message: DIALOG_TITLE_FIRST_TIME_USE_SURVEY in: com.kms.katalon.constants.messages
Warning: NLS missing message: BTN_YES_CONTINUE_USE in: com.kms.katalon.constants.messages
Warning: NLS missing message: BTN_NO_QUIT_USING in: com.kms.katalon.constants.messages
Warning: NLS missing message: BTN_SEND in: com.kms.katalon.constants.messages
Warning: NLS missing message: MSG_QUESTION_WILL_CONTINUE_TO_USE in: com.kms.katalon.constants.messages
Warning: NLS missing message: MSG_QUIT_USING_KATALON_REASON in: com.kms.katalon.constants.messages
Warning: NLS missing message: MSG_QUIT_USING_KATALON_REASON_PLACEHOLDER in: com.kms.katalon.constants.messages
Start checking and mark activated for GUI mode
Start getting machine ID on Windows
Start appending additional signatures
hardwareSerialNumber 
osDependentUsername nguyen duy hau
End appending additional signatures 23493ff8-ea3d-48a0-a24b-77e00dac5ca1__nguyen duy hau
End getting machine ID on Windows 728501d57705b3072697d3e5c69aeff7
End checking and mark activated for GUI mode
Your current licensed session is valid until: June 02, 2023 09:26
Start checking license task

Thu Jun 01 09:26:49 ICT 2023
Azure: Enterprise license for this feature is requested

Warning: NLS unused message: DIA_LBL_LIST_OF_COL_NAMES in: com.kms.katalon.composer.components.impl.constants.composerComponentsImplMessages
Warning: NLS unused message: DIA_LBL_SELECT_A_COL in: com.kms.katalon.composer.components.impl.constants.composerComponentsImplMessages
Warning: NLS unused message: LBL_DEFAULT_LOCATOR_SELECTION_AREA in: com.katalon.plugin.smart_xpath.constant.SmartXpathMessages
Latest plugins responses: []
Katalon version: 8.6.5
Plugin info URL: https://store.katalon.com/api/products/ks?appVersion=8.6.5&appType=KSE&licenseType=FREE

Thu Jun 01 09:27:12 ICT 2023
Azure: Enterprise license for this feature is requested


Thu Jun 01 09:27:21 ICT 2023
Azure: Enterprise license for this feature is requested


Thu Jun 01 09:27:27 ICT 2023
Azure: Enterprise license for this feature is requested


Thu Jun 01 09:27:32 ICT 2023
Azure: Enterprise license for this feature is requested


Thu Jun 01 09:27:36 ICT 2023
Azure: Enterprise license for this feature is requested


Thu Jun 01 09:27:40 ICT 2023
Azure: Enterprise license for this feature is requested

Warning: NLS unused message: DIA_TITLE_INSTALL_INSTRUCTIONS in: com.kms.katalon.composer.mobile.constants.composerMobileMessages
Launcher status after execution process completed: Terminated
Launcher status after execution process completed: Terminated

Thu Jun 01 09:56:21 ICT 2023
Azure: Enterprise license for this feature is requested

Launcher status after execution process completed: Running
Launcher status after execution process completed: Running

Thu Jun 01 10:11:35 ICT 2023
Azure: Enterprise license for this feature is requested


Thu Jun 01 10:11:43 ICT 2023
Azure: Enterprise license for this feature is requested


Thu Jun 01 10:12:28 ICT 2023
Azure: Enterprise license for this feature is requested


Thu Jun 01 10:12:29 ICT 2023
Azure: Enterprise license for this feature is requested


Thu Jun 01 10:12:29 ICT 2023
Azure: Enterprise license for this feature is requested


Thu Jun 01 10:14:51 ICT 2023
Azure: Enterprise license for this feature is requested


Thu Jun 01 10:16:28 ICT 2023
Azure: Enterprise license for this feature is requested


Thu Jun 01 10:17:04 ICT 2023
Azure: Enterprise license for this feature is requested


Thu Jun 01 10:18:12 ICT 2023
Azure: Enterprise license for this feature is requested


Thu Jun 01 10:18:48 ICT 2023
Azure: Enterprise license for this feature is requested


Thu Jun 01 10:26:08 ICT 2023
Azure: Enterprise license for this feature is requested


Thu Jun 01 10:26:21 ICT 2023
Azure: Enterprise license for this feature is requested


Thu Jun 01 10:56:03 ICT 2023
Azure: Enterprise license for this feature is requested


Thu Jun 01 10:56:21 ICT 2023
Azure: Enterprise license for this feature is requested


Thu Jun 01 10:56:38 ICT 2023
Azure: Enterprise license for this feature is requested


Thu Jun 01 10:57:44 ICT 2023
Azure: Enterprise license for this feature is requested


Thu Jun 01 11:16:01 ICT 2023
Azure: Enterprise license for this feature is requested

CodeSelectRequestor: Could not proceed due to null declaring type for org.codehaus.groovy.ast.expr.ConstantExpression@61f7460a[ZenTai-変更必要/チェックリスト/チェックリストー戻り]
CodeSelectRequestor: Could not proceed due to null declaring type for org.codehaus.groovy.ast.expr.ConstantExpression@37d75120[ZenTai-変更必要/チェックリスト/要チェックリスト]
CodeSelectRequestor: Could not proceed due to null declaring type for org.codehaus.groovy.ast.expr.ConstantExpression@6552f6ed[ZenTai-変更必要/Sinsei_Display/申請ボタン]
CodeSelectRequestor: Could not proceed due to null declaring type for org.codehaus.groovy.ast.expr.ConstantExpression@69efc355[Folder_Gerenal/Login_Logout/ID_Input]

Thu Jun 01 11:21:55 ICT 2023
Azure: Enterprise license for this feature is requested


Thu Jun 01 11:22:02 ICT 2023
Azure: Enterprise license for this feature is requested


Thu Jun 01 11:22:14 ICT 2023
Azure: Enterprise license for this feature is requested


Thu Jun 01 11:22:59 ICT 2023
Azure: Enterprise license for this feature is requested


Thu Jun 01 11:22:59 ICT 2023
Azure: Enterprise license for this feature is requested


Thu Jun 01 11:22:59 ICT 2023
Azure: Enterprise license for this feature is requested

Warning: NLS unused message: PREF_LBL_ACTIVE_BROWSER_PORT_DO_NOT_SHOW_WARNING_DIALOG in: com.kms.katalon.objectspy.constants.objectspyMessages

Thu Jun 01 11:26:21 ICT 2023
Azure: Enterprise license for this feature is requested

Katalon TestOps: Unexpected response, URL: https://testops.katalon.io/api/v1/test-cases/statistics, Status: 403, Response: {"error":"access_denied","error_description":"Either this resource does not exist, or the current user does not have permissions to access this resource"}
Warning: NLS missing message: ConsoleMain_MSG_DEVOPS_LICENSE_COMPATIBILITY in: com.kms.katalon.execution.constants.executionMessages
Warning: NLS missing message: ConsoleMain_MSG_NON_DEVOPS_LICENSE_COMPATIBLITY in: com.kms.katalon.execution.constants.executionMessages
Katalon TestOps: Unexpected response, URL: https://testops.katalon.io/api/v1/test-cases/statistics, Status: 403, Response: {"error":"access_denied","error_description":"Either this resource does not exist, or the current user does not have permissions to access this resource"}
Katalon TestOps: Unexpected response, URL: https://testops.katalon.io/api/v1/test-cases/statistics, Status: 403, Response: {"error":"access_denied","error_description":"Either this resource does not exist, or the current user does not have permissions to access this resource"}
Katalon TestOps: Unexpected response, URL: https://testops.katalon.io/api/v1/katalon/test-reports/update-result?projectId=982699, Status: 403, Response: {"error":"access_denied","error_description":"Either this resource does not exist, or the current user does not have permissions to access this resource"}

Thu Jun 01 11:34:17 ICT 2023
Error when uploading log to Katalon TestOps Server
com.kms.katalon.integration.analytics.exceptions.AnalyticsApiExeception: {"error":"access_denied","error_description":"Either this resource does not exist, or the current user does not have permissions to access this resource"}
	at com.kms.katalon.integration.analytics.providers.AnalyticsApiProvider.executeRequest(AnalyticsApiProvider.java:745)
	at com.kms.katalon.integration.analytics.providers.AnalyticsApiProvider.executeRequest(AnalyticsApiProvider.java:757)
	at com.kms.katalon.integration.analytics.providers.AnalyticsApiProvider.updateTestRunResult(AnalyticsApiProvider.java:802)
	at com.kms.katalon.integration.analytics.report.AnalyticsReportService.updateExecutionProccess(AnalyticsReportService.java:228)
	at com.kms.katalon.integration.analytics.report.AnalyticsReportIntegration.notifyProccess(AnalyticsReportIntegration.java:250)
	at com.kms.katalon.execution.launcher.BasicLauncher.notifyProccess(BasicLauncher.java:66)
	at com.kms.katalon.execution.launcher.ProcessLauncher.setStatus(ProcessLauncher.java:87)
	at com.kms.katalon.execution.launcher.manager.LauncherManager.addLauncherToRunningList(LauncherManager.java:54)
	at com.kms.katalon.execution.launcher.manager.LauncherManager.schedule(LauncherManager.java:206)
	at com.kms.katalon.execution.launcher.manager.LauncherManager.addLauncher(LauncherManager.java:49)
	at com.kms.katalon.composer.execution.handlers.AbstractExecutionHandler$3.run(AbstractExecutionHandler.java:510)
	at org.eclipse.core.internal.jobs.Worker.run(Worker.java:63)



Thu Jun 01 11:34:17 ICT 2023
com.kms.katalon.integration.analytics.exceptions.AnalyticsApiExeception: {"error":"access_denied","error_description":"Either this resource does not exist, or the current user does not have permissions to access this resource"}
	at com.kms.katalon.integration.analytics.providers.AnalyticsApiProvider.executeRequest(AnalyticsApiProvider.java:745)
	at com.kms.katalon.integration.analytics.providers.AnalyticsApiProvider.executeRequest(AnalyticsApiProvider.java:757)
	at com.kms.katalon.integration.analytics.providers.AnalyticsApiProvider.updateTestRunResult(AnalyticsApiProvider.java:802)
	at com.kms.katalon.integration.analytics.report.AnalyticsReportService.updateExecutionProccess(AnalyticsReportService.java:228)
	at com.kms.katalon.integration.analytics.report.AnalyticsReportIntegration.notifyProccess(AnalyticsReportIntegration.java:250)
	at com.kms.katalon.execution.launcher.BasicLauncher.notifyProccess(BasicLauncher.java:66)
	at com.kms.katalon.execution.launcher.ProcessLauncher.setStatus(ProcessLauncher.java:87)
	at com.kms.katalon.execution.launcher.manager.LauncherManager.addLauncherToRunningList(LauncherManager.java:54)
	at com.kms.katalon.execution.launcher.manager.LauncherManager.schedule(LauncherManager.java:206)
	at com.kms.katalon.execution.launcher.manager.LauncherManager.addLauncher(LauncherManager.java:49)
	at com.kms.katalon.composer.execution.handlers.AbstractExecutionHandler$3.run(AbstractExecutionHandler.java:510)
	at org.eclipse.core.internal.jobs.Worker.run(Worker.java:63)


Katalon TestOps: Unexpected response, URL: https://testops.katalon.io/api/v1/katalon/test-reports/update-result?projectId=982699, Status: 403, Response: {"error":"access_denied","error_description":"Either this resource does not exist, or the current user does not have permissions to access this resource"}

Thu Jun 01 11:34:46 ICT 2023
Error when uploading log to Katalon TestOps Server
com.kms.katalon.integration.analytics.exceptions.AnalyticsApiExeception: {"error":"access_denied","error_description":"Either this resource does not exist, or the current user does not have permissions to access this resource"}
	at com.kms.katalon.integration.analytics.providers.AnalyticsApiProvider.executeRequest(AnalyticsApiProvider.java:745)
	at com.kms.katalon.integration.analytics.providers.AnalyticsApiProvider.executeRequest(AnalyticsApiProvider.java:757)
	at com.kms.katalon.integration.analytics.providers.AnalyticsApiProvider.updateTestRunResult(AnalyticsApiProvider.java:802)
	at com.kms.katalon.integration.analytics.report.AnalyticsReportService.updateExecutionProccess(AnalyticsReportService.java:228)
	at com.kms.katalon.integration.analytics.report.AnalyticsReportIntegration.notifyProccess(AnalyticsReportIntegration.java:254)
	at com.kms.katalon.execution.launcher.BasicLauncher.notifyProccess(BasicLauncher.java:66)
	at com.kms.katalon.execution.launcher.LoggableLauncher.addLogRecords(LoggableLauncher.java:129)
	at com.kms.katalon.execution.logging.SocketWatcher.run(SocketWatcher.java:58)
	at java.lang.Thread.run(Thread.java:748)



Thu Jun 01 11:34:46 ICT 2023
com.kms.katalon.integration.analytics.exceptions.AnalyticsApiExeception: {"error":"access_denied","error_description":"Either this resource does not exist, or the current user does not have permissions to access this resource"}
	at com.kms.katalon.integration.analytics.providers.AnalyticsApiProvider.executeRequest(AnalyticsApiProvider.java:745)
	at com.kms.katalon.integration.analytics.providers.AnalyticsApiProvider.executeRequest(AnalyticsApiProvider.java:757)
	at com.kms.katalon.integration.analytics.providers.AnalyticsApiProvider.updateTestRunResult(AnalyticsApiProvider.java:802)
	at com.kms.katalon.integration.analytics.report.AnalyticsReportService.updateExecutionProccess(AnalyticsReportService.java:228)
	at com.kms.katalon.integration.analytics.report.AnalyticsReportIntegration.notifyProccess(AnalyticsReportIntegration.java:254)
	at com.kms.katalon.execution.launcher.BasicLauncher.notifyProccess(BasicLauncher.java:66)
	at com.kms.katalon.execution.launcher.LoggableLauncher.addLogRecords(LoggableLauncher.java:129)
	at com.kms.katalon.execution.logging.SocketWatcher.run(SocketWatcher.java:58)
	at java.lang.Thread.run(Thread.java:748)


Katalon TestOps: Unexpected response, URL: https://testops.katalon.io/api/v1/katalon/test-reports/update-result?projectId=982699, Status: 403, Response: {"error":"access_denied","error_description":"Either this resource does not exist, or the current user does not have permissions to access this resource"}

Thu Jun 01 11:34:53 ICT 2023
Error when uploading log to Katalon TestOps Server
com.kms.katalon.integration.analytics.exceptions.AnalyticsApiExeception: {"error":"access_denied","error_description":"Either this resource does not exist, or the current user does not have permissions to access this resource"}
	at com.kms.katalon.integration.analytics.providers.AnalyticsApiProvider.executeRequest(AnalyticsApiProvider.java:745)
	at com.kms.katalon.integration.analytics.providers.AnalyticsApiProvider.executeRequest(AnalyticsApiProvider.java:757)
	at com.kms.katalon.integration.analytics.providers.AnalyticsApiProvider.updateTestRunResult(AnalyticsApiProvider.java:802)
	at com.kms.katalon.integration.analytics.report.AnalyticsReportService.updateExecutionProccess(AnalyticsReportService.java:228)
	at com.kms.katalon.integration.analytics.report.AnalyticsReportIntegration.notifyProccess(AnalyticsReportIntegration.java:254)
	at com.kms.katalon.execution.launcher.BasicLauncher.notifyProccess(BasicLauncher.java:66)
	at com.kms.katalon.execution.launcher.LoggableLauncher.addLogRecords(LoggableLauncher.java:129)
	at com.kms.katalon.execution.logging.SocketWatcher.run(SocketWatcher.java:58)
	at java.lang.Thread.run(Thread.java:748)



Thu Jun 01 11:34:53 ICT 2023
com.kms.katalon.integration.analytics.exceptions.AnalyticsApiExeception: {"error":"access_denied","error_description":"Either this resource does not exist, or the current user does not have permissions to access this resource"}
	at com.kms.katalon.integration.analytics.providers.AnalyticsApiProvider.executeRequest(AnalyticsApiProvider.java:745)
	at com.kms.katalon.integration.analytics.providers.AnalyticsApiProvider.executeRequest(AnalyticsApiProvider.java:757)
	at com.kms.katalon.integration.analytics.providers.AnalyticsApiProvider.updateTestRunResult(AnalyticsApiProvider.java:802)
	at com.kms.katalon.integration.analytics.report.AnalyticsReportService.updateExecutionProccess(AnalyticsReportService.java:228)
	at com.kms.katalon.integration.analytics.report.AnalyticsReportIntegration.notifyProccess(AnalyticsReportIntegration.java:254)
	at com.kms.katalon.execution.launcher.BasicLauncher.notifyProccess(BasicLauncher.java:66)
	at com.kms.katalon.execution.launcher.LoggableLauncher.addLogRecords(LoggableLauncher.java:129)
	at com.kms.katalon.execution.logging.SocketWatcher.run(SocketWatcher.java:58)
	at java.lang.Thread.run(Thread.java:748)


Katalon TestOps: Unexpected response, URL: https://testops.katalon.io/api/v1/katalon/test-reports/update-result?projectId=982699, Status: 403, Response: {"error":"access_denied","error_description":"Either this resource does not exist, or the current user does not have permissions to access this resource"}

Thu Jun 01 11:35:04 ICT 2023
Error when uploading log to Katalon TestOps Server
com.kms.katalon.integration.analytics.exceptions.AnalyticsApiExeception: {"error":"access_denied","error_description":"Either this resource does not exist, or the current user does not have permissions to access this resource"}
	at com.kms.katalon.integration.analytics.providers.AnalyticsApiProvider.executeRequest(AnalyticsApiProvider.java:745)
	at com.kms.katalon.integration.analytics.providers.AnalyticsApiProvider.executeRequest(AnalyticsApiProvider.java:757)
	at com.kms.katalon.integration.analytics.providers.AnalyticsApiProvider.updateTestRunResult(AnalyticsApiProvider.java:802)
	at com.kms.katalon.integration.analytics.report.AnalyticsReportService.updateExecutionProccess(AnalyticsReportService.java:228)
	at com.kms.katalon.integration.analytics.report.AnalyticsReportIntegration.notifyProccess(AnalyticsReportIntegration.java:254)
	at com.kms.katalon.execution.launcher.BasicLauncher.notifyProccess(BasicLauncher.java:66)
	at com.kms.katalon.execution.launcher.LoggableLauncher.addLogRecords(LoggableLauncher.java:129)
	at com.kms.katalon.execution.logging.SocketWatcher.run(SocketWatcher.java:58)
	at java.lang.Thread.run(Thread.java:748)



Thu Jun 01 11:35:04 ICT 2023
com.kms.katalon.integration.analytics.exceptions.AnalyticsApiExeception: {"error":"access_denied","error_description":"Either this resource does not exist, or the current user does not have permissions to access this resource"}
	at com.kms.katalon.integration.analytics.providers.AnalyticsApiProvider.executeRequest(AnalyticsApiProvider.java:745)
	at com.kms.katalon.integration.analytics.providers.AnalyticsApiProvider.executeRequest(AnalyticsApiProvider.java:757)
	at com.kms.katalon.integration.analytics.providers.AnalyticsApiProvider.updateTestRunResult(AnalyticsApiProvider.java:802)
	at com.kms.katalon.integration.analytics.report.AnalyticsReportService.updateExecutionProccess(AnalyticsReportService.java:228)
	at com.kms.katalon.integration.analytics.report.AnalyticsReportIntegration.notifyProccess(AnalyticsReportIntegration.java:254)
	at com.kms.katalon.execution.launcher.BasicLauncher.notifyProccess(BasicLauncher.java:66)
	at com.kms.katalon.execution.launcher.LoggableLauncher.addLogRecords(LoggableLauncher.java:129)
	at com.kms.katalon.execution.logging.SocketWatcher.run(SocketWatcher.java:58)
	at java.lang.Thread.run(Thread.java:748)


Katalon TestOps: Unexpected response, URL: https://testops.katalon.io/api/v1/katalon/test-reports/update-result?projectId=982699, Status: 403, Response: {"error":"access_denied","error_description":"Either this resource does not exist, or the current user does not have permissions to access this resource"}

Thu Jun 01 11:35:18 ICT 2023
Error when uploading log to Katalon TestOps Server
com.kms.katalon.integration.analytics.exceptions.AnalyticsApiExeception: {"error":"access_denied","error_description":"Either this resource does not exist, or the current user does not have permissions to access this resource"}
	at com.kms.katalon.integration.analytics.providers.AnalyticsApiProvider.executeRequest(AnalyticsApiProvider.java:745)
	at com.kms.katalon.integration.analytics.providers.AnalyticsApiProvider.executeRequest(AnalyticsApiProvider.java:757)
	at com.kms.katalon.integration.analytics.providers.AnalyticsApiProvider.updateTestRunResult(AnalyticsApiProvider.java:802)
	at com.kms.katalon.integration.analytics.report.AnalyticsReportService.updateExecutionProccess(AnalyticsReportService.java:228)
	at com.kms.katalon.integration.analytics.report.AnalyticsReportIntegration.notifyProccess(AnalyticsReportIntegration.java:254)
	at com.kms.katalon.execution.launcher.BasicLauncher.notifyProccess(BasicLauncher.java:66)
	at com.kms.katalon.execution.launcher.LoggableLauncher.addLogRecords(LoggableLauncher.java:129)
	at com.kms.katalon.execution.logging.SocketWatcher.run(SocketWatcher.java:58)
	at java.lang.Thread.run(Thread.java:748)



Thu Jun 01 11:35:18 ICT 2023
com.kms.katalon.integration.analytics.exceptions.AnalyticsApiExeception: {"error":"access_denied","error_description":"Either this resource does not exist, or the current user does not have permissions to access this resource"}
	at com.kms.katalon.integration.analytics.providers.AnalyticsApiProvider.executeRequest(AnalyticsApiProvider.java:745)
	at com.kms.katalon.integration.analytics.providers.AnalyticsApiProvider.executeRequest(AnalyticsApiProvider.java:757)
	at com.kms.katalon.integration.analytics.providers.AnalyticsApiProvider.updateTestRunResult(AnalyticsApiProvider.java:802)
	at com.kms.katalon.integration.analytics.report.AnalyticsReportService.updateExecutionProccess(AnalyticsReportService.java:228)
	at com.kms.katalon.integration.analytics.report.AnalyticsReportIntegration.notifyProccess(AnalyticsReportIntegration.java:254)
	at com.kms.katalon.execution.launcher.BasicLauncher.notifyProccess(BasicLauncher.java:66)
	at com.kms.katalon.execution.launcher.LoggableLauncher.addLogRecords(LoggableLauncher.java:129)
	at com.kms.katalon.execution.logging.SocketWatcher.run(SocketWatcher.java:58)
	at java.lang.Thread.run(Thread.java:748)


Launcher status after execution process completed: Running
Katalon TestOps: Unexpected response, URL: https://testops.katalon.io/api/v1/katalon/test-reports/update-result?projectId=982699, Status: 403, Response: {"error":"access_denied","error_description":"Either this resource does not exist, or the current user does not have permissions to access this resource"}

Thu Jun 01 11:35:25 ICT 2023
Error when uploading log to Katalon TestOps Server
com.kms.katalon.integration.analytics.exceptions.AnalyticsApiExeception: {"error":"access_denied","error_description":"Either this resource does not exist, or the current user does not have permissions to access this resource"}
	at com.kms.katalon.integration.analytics.providers.AnalyticsApiProvider.executeRequest(AnalyticsApiProvider.java:745)
	at com.kms.katalon.integration.analytics.providers.AnalyticsApiProvider.executeRequest(AnalyticsApiProvider.java:757)
	at com.kms.katalon.integration.analytics.providers.AnalyticsApiProvider.updateTestRunResult(AnalyticsApiProvider.java:802)
	at com.kms.katalon.integration.analytics.report.AnalyticsReportService.updateExecutionProccess(AnalyticsReportService.java:228)
	at com.kms.katalon.integration.analytics.report.AnalyticsReportIntegration.notifyProccess(AnalyticsReportIntegration.java:254)
	at com.kms.katalon.execution.launcher.BasicLauncher.notifyProccess(BasicLauncher.java:66)
	at com.kms.katalon.execution.launcher.LoggableLauncher.addLogRecords(LoggableLauncher.java:129)
	at com.kms.katalon.execution.logging.SocketWatcher.run(SocketWatcher.java:58)
	at java.lang.Thread.run(Thread.java:748)



Thu Jun 01 11:35:25 ICT 2023
com.kms.katalon.integration.analytics.exceptions.AnalyticsApiExeception: {"error":"access_denied","error_description":"Either this resource does not exist, or the current user does not have permissions to access this resource"}
	at com.kms.katalon.integration.analytics.providers.AnalyticsApiProvider.executeRequest(AnalyticsApiProvider.java:745)
	at com.kms.katalon.integration.analytics.providers.AnalyticsApiProvider.executeRequest(AnalyticsApiProvider.java:757)
	at com.kms.katalon.integration.analytics.providers.AnalyticsApiProvider.updateTestRunResult(AnalyticsApiProvider.java:802)
	at com.kms.katalon.integration.analytics.report.AnalyticsReportService.updateExecutionProccess(AnalyticsReportService.java:228)
	at com.kms.katalon.integration.analytics.report.AnalyticsReportIntegration.notifyProccess(AnalyticsReportIntegration.java:254)
	at com.kms.katalon.execution.launcher.BasicLauncher.notifyProccess(BasicLauncher.java:66)
	at com.kms.katalon.execution.launcher.LoggableLauncher.addLogRecords(LoggableLauncher.java:129)
	at com.kms.katalon.execution.logging.SocketWatcher.run(SocketWatcher.java:58)
	at java.lang.Thread.run(Thread.java:748)


Katalon TestOps: Unexpected response, URL: https://testops.katalon.io/api/v1/katalon/test-reports/update-result?projectId=982699, Status: 403, Response: {"error":"access_denied","error_description":"Either this resource does not exist, or the current user does not have permissions to access this resource"}

Thu Jun 01 11:35:30 ICT 2023
Error when uploading log to Katalon TestOps Server
com.kms.katalon.integration.analytics.exceptions.AnalyticsApiExeception: {"error":"access_denied","error_description":"Either this resource does not exist, or the current user does not have permissions to access this resource"}
	at com.kms.katalon.integration.analytics.providers.AnalyticsApiProvider.executeRequest(AnalyticsApiProvider.java:745)
	at com.kms.katalon.integration.analytics.providers.AnalyticsApiProvider.executeRequest(AnalyticsApiProvider.java:757)
	at com.kms.katalon.integration.analytics.providers.AnalyticsApiProvider.updateTestRunResult(AnalyticsApiProvider.java:802)
	at com.kms.katalon.integration.analytics.report.AnalyticsReportService.updateExecutionProccess(AnalyticsReportService.java:228)
	at com.kms.katalon.integration.analytics.report.AnalyticsReportIntegration.notifyProccess(AnalyticsReportIntegration.java:250)
	at com.kms.katalon.execution.launcher.BasicLauncher.notifyProccess(BasicLauncher.java:66)
	at com.kms.katalon.execution.launcher.ProcessLauncher.setStatus(ProcessLauncher.java:87)
	at com.kms.katalon.execution.launcher.ReportableLauncher.preExecutionComplete(ReportableLauncher.java:155)
	at com.kms.katalon.execution.launcher.ProcessLauncher.onWatchdogComplete(ProcessLauncher.java:194)
	at com.kms.katalon.execution.launcher.LaunchWatchdog.notifyProcessTerminated(LaunchWatchdog.java:136)
	at com.kms.katalon.execution.launcher.LaunchWatchdog.run(LaunchWatchdog.java:66)
	at java.lang.Thread.run(Thread.java:748)



Thu Jun 01 11:35:30 ICT 2023
com.kms.katalon.integration.analytics.exceptions.AnalyticsApiExeception: {"error":"access_denied","error_description":"Either this resource does not exist, or the current user does not have permissions to access this resource"}
	at com.kms.katalon.integration.analytics.providers.AnalyticsApiProvider.executeRequest(AnalyticsApiProvider.java:745)
	at com.kms.katalon.integration.analytics.providers.AnalyticsApiProvider.executeRequest(AnalyticsApiProvider.java:757)
	at com.kms.katalon.integration.analytics.providers.AnalyticsApiProvider.updateTestRunResult(AnalyticsApiProvider.java:802)
	at com.kms.katalon.integration.analytics.report.AnalyticsReportService.updateExecutionProccess(AnalyticsReportService.java:228)
	at com.kms.katalon.integration.analytics.report.AnalyticsReportIntegration.notifyProccess(AnalyticsReportIntegration.java:250)
	at com.kms.katalon.execution.launcher.BasicLauncher.notifyProccess(BasicLauncher.java:66)
	at com.kms.katalon.execution.launcher.ProcessLauncher.setStatus(ProcessLauncher.java:87)
	at com.kms.katalon.execution.launcher.ReportableLauncher.preExecutionComplete(ReportableLauncher.java:155)
	at com.kms.katalon.execution.launcher.ProcessLauncher.onWatchdogComplete(ProcessLauncher.java:194)
	at com.kms.katalon.execution.launcher.LaunchWatchdog.notifyProcessTerminated(LaunchWatchdog.java:136)
	at com.kms.katalon.execution.launcher.LaunchWatchdog.run(LaunchWatchdog.java:66)
	at java.lang.Thread.run(Thread.java:748)


Start writing execution.uuid file to folder: C:\Users\NGUYEN DUY HAU\Desktop\GitbyKid\test.caerue\Reports\20230601_113408\Zentai_GPS\20230601_113408
Start generating JUnit report folder at: C:\Users\NGUYEN DUY HAU\Desktop\GitbyKid\test.caerue\Reports\20230601_113408\Zentai_GPS\20230601_113408...
JUnit report were generated at folder: C:\Users\NGUYEN DUY HAU\Desktop\GitbyKid\test.caerue\Reports\20230601_113408\Zentai_GPS\20230601_113408
Katalon TestOps: Unexpected response, URL: https://testops.katalon.io/api/v1/files/upload-urls?projectId=982699&numberUrl=10, Status: 403, Response: {"error":"access_denied","error_description":"Either this resource does not exist, or the current user does not have permissions to access this resource"}

Thu Jun 01 11:35:35 ICT 2023
com.kms.katalon.integration.analytics.exceptions.AnalyticsApiExeception: {"error":"access_denied","error_description":"Either this resource does not exist, or the current user does not have permissions to access this resource"}
	at com.kms.katalon.integration.analytics.providers.AnalyticsApiProvider.executeRequest(AnalyticsApiProvider.java:745)
	at com.kms.katalon.integration.analytics.providers.AnalyticsApiProvider.executeRequest(AnalyticsApiProvider.java:771)
	at com.kms.katalon.integration.analytics.providers.AnalyticsApiProvider.getMultipleUploadInfo(AnalyticsApiProvider.java:500)
	at com.kms.katalon.integration.analytics.report.AnalyticsReportService.perform(AnalyticsReportService.java:123)
	at com.kms.katalon.integration.analytics.report.AnalyticsReportService.uploadReports(AnalyticsReportService.java:80)
	at com.kms.katalon.integration.analytics.report.AnalyticsReportService.upload(AnalyticsReportService.java:65)
	at com.kms.katalon.integration.analytics.report.AnalyticsReportIntegration.uploadTestSuiteResult(AnalyticsReportIntegration.java:195)
	at com.kms.katalon.execution.launcher.ReportableLauncher.uploadReportToIntegratingProduct(ReportableLauncher.java:539)
	at com.kms.katalon.execution.launcher.ReportableLauncher.preExecutionComplete(ReportableLauncher.java:163)
	at com.kms.katalon.execution.launcher.ProcessLauncher.onWatchdogComplete(ProcessLauncher.java:194)
	at com.kms.katalon.execution.launcher.LaunchWatchdog.notifyProcessTerminated(LaunchWatchdog.java:136)
	at com.kms.katalon.execution.launcher.LaunchWatchdog.run(LaunchWatchdog.java:66)
	at java.lang.Thread.run(Thread.java:748)



Thu Jun 01 11:35:35 ICT 2023
Error when uploading log to Katalon TestOps Server
com.kms.katalon.integration.analytics.exceptions.AnalyticsApiExeception: {"error":"access_denied","error_description":"Either this resource does not exist, or the current user does not have permissions to access this resource"}
	at com.kms.katalon.integration.analytics.providers.AnalyticsApiProvider.executeRequest(AnalyticsApiProvider.java:745)
	at com.kms.katalon.integration.analytics.providers.AnalyticsApiProvider.executeRequest(AnalyticsApiProvider.java:771)
	at com.kms.katalon.integration.analytics.providers.AnalyticsApiProvider.getMultipleUploadInfo(AnalyticsApiProvider.java:500)
	at com.kms.katalon.integration.analytics.report.AnalyticsReportService.perform(AnalyticsReportService.java:123)
	at com.kms.katalon.integration.analytics.report.AnalyticsReportService.uploadReports(AnalyticsReportService.java:80)
	at com.kms.katalon.integration.analytics.report.AnalyticsReportService.upload(AnalyticsReportService.java:65)
	at com.kms.katalon.integration.analytics.report.AnalyticsReportIntegration.uploadTestSuiteResult(AnalyticsReportIntegration.java:195)
	at com.kms.katalon.execution.launcher.ReportableLauncher.uploadReportToIntegratingProduct(ReportableLauncher.java:539)
	at com.kms.katalon.execution.launcher.ReportableLauncher.preExecutionComplete(ReportableLauncher.java:163)
	at com.kms.katalon.execution.launcher.ProcessLauncher.onWatchdogComplete(ProcessLauncher.java:194)
	at com.kms.katalon.execution.launcher.LaunchWatchdog.notifyProcessTerminated(LaunchWatchdog.java:136)
	at com.kms.katalon.execution.launcher.LaunchWatchdog.run(LaunchWatchdog.java:66)
	at java.lang.Thread.run(Thread.java:748)



Thu Jun 01 11:35:35 ICT 2023
System is unable to send report to Katalon TestOps. Reason: com.kms.katalon.integration.analytics.exceptions.AnalyticsApiExeception: {"error":"access_denied","error_description":"Either this resource does not exist, or the current user does not have permissions to access this resource"}
	at com.kms.katalon.integration.analytics.providers.AnalyticsApiProvider.executeRequest(AnalyticsApiProvider.java:745)
	at com.kms.katalon.integration.analytics.providers.AnalyticsApiProvider.executeRequest(AnalyticsApiProvider.java:771)
	at com.kms.katalon.integration.analytics.providers.AnalyticsApiProvider.getMultipleUploadInfo(AnalyticsApiProvider.java:500)
	at com.kms.katalon.integration.analytics.report.AnalyticsReportService.perform(AnalyticsReportService.java:123)
	at com.kms.katalon.integration.analytics.report.AnalyticsReportService.uploadReports(AnalyticsReportService.java:80)
	at com.kms.katalon.integration.analytics.report.AnalyticsReportService.upload(AnalyticsReportService.java:65)
	at com.kms.katalon.integration.analytics.report.AnalyticsReportIntegration.uploadTestSuiteResult(AnalyticsReportIntegration.java:195)
	at com.kms.katalon.execution.launcher.ReportableLauncher.uploadReportToIntegratingProduct(ReportableLauncher.java:539)
	at com.kms.katalon.execution.launcher.ReportableLauncher.preExecutionComplete(ReportableLauncher.java:163)
	at com.kms.katalon.execution.launcher.ProcessLauncher.onWatchdogComplete(ProcessLauncher.java:194)
	at com.kms.katalon.execution.launcher.LaunchWatchdog.notifyProcessTerminated(LaunchWatchdog.java:136)
	at com.kms.katalon.execution.launcher.LaunchWatchdog.run(LaunchWatchdog.java:66)
	at java.lang.Thread.run(Thread.java:748)



Thu Jun 01 11:35:35 ICT 2023
com.kms.katalon.integration.analytics.exceptions.AnalyticsApiExeception: {"error":"access_denied","error_description":"Either this resource does not exist, or the current user does not have permissions to access this resource"}
	at com.kms.katalon.integration.analytics.providers.AnalyticsApiProvider.executeRequest(AnalyticsApiProvider.java:745)
	at com.kms.katalon.integration.analytics.providers.AnalyticsApiProvider.executeRequest(AnalyticsApiProvider.java:771)
	at com.kms.katalon.integration.analytics.providers.AnalyticsApiProvider.getMultipleUploadInfo(AnalyticsApiProvider.java:500)
	at com.kms.katalon.integration.analytics.report.AnalyticsReportService.perform(AnalyticsReportService.java:123)
	at com.kms.katalon.integration.analytics.report.AnalyticsReportService.uploadReports(AnalyticsReportService.java:80)
	at com.kms.katalon.integration.analytics.report.AnalyticsReportService.upload(AnalyticsReportService.java:65)
	at com.kms.katalon.integration.analytics.report.AnalyticsReportIntegration.uploadTestSuiteResult(AnalyticsReportIntegration.java:195)
	at com.kms.katalon.execution.launcher.ReportableLauncher.uploadReportToIntegratingProduct(ReportableLauncher.java:539)
	at com.kms.katalon.execution.launcher.ReportableLauncher.preExecutionComplete(ReportableLauncher.java:163)
	at com.kms.katalon.execution.launcher.ProcessLauncher.onWatchdogComplete(ProcessLauncher.java:194)
	at com.kms.katalon.execution.launcher.LaunchWatchdog.notifyProcessTerminated(LaunchWatchdog.java:136)
	at com.kms.katalon.execution.launcher.LaunchWatchdog.run(LaunchWatchdog.java:66)
	at java.lang.Thread.run(Thread.java:748)



Thu Jun 01 11:35:35 ICT 2023
Azure: Enterprise license for this feature is requested

Katalon TestOps: Unexpected response, URL: https://testops.katalon.io/api/v1/katalon/test-reports/update-result?projectId=982699, Status: 403, Response: {"error":"access_denied","error_description":"Either this resource does not exist, or the current user does not have permissions to access this resource"}

Thu Jun 01 11:35:41 ICT 2023
Error when uploading log to Katalon TestOps Server
com.kms.katalon.integration.analytics.exceptions.AnalyticsApiExeception: {"error":"access_denied","error_description":"Either this resource does not exist, or the current user does not have permissions to access this resource"}
	at com.kms.katalon.integration.analytics.providers.AnalyticsApiProvider.executeRequest(AnalyticsApiProvider.java:745)
	at com.kms.katalon.integration.analytics.providers.AnalyticsApiProvider.executeRequest(AnalyticsApiProvider.java:757)
	at com.kms.katalon.integration.analytics.providers.AnalyticsApiProvider.updateTestRunResult(AnalyticsApiProvider.java:802)
	at com.kms.katalon.integration.analytics.report.AnalyticsReportService.updateExecutionProccess(AnalyticsReportService.java:228)
	at com.kms.katalon.integration.analytics.report.AnalyticsReportIntegration.notifyProccess(AnalyticsReportIntegration.java:250)
	at com.kms.katalon.execution.launcher.BasicLauncher.notifyProccess(BasicLauncher.java:66)
	at com.kms.katalon.execution.launcher.ProcessLauncher.setStatus(ProcessLauncher.java:87)
	at com.kms.katalon.execution.launcher.ProcessLauncher.onWatchdogComplete(ProcessLauncher.java:196)
	at com.kms.katalon.execution.launcher.LaunchWatchdog.notifyProcessTerminated(LaunchWatchdog.java:136)
	at com.kms.katalon.execution.launcher.LaunchWatchdog.run(LaunchWatchdog.java:66)
	at java.lang.Thread.run(Thread.java:748)



Thu Jun 01 11:35:41 ICT 2023
com.kms.katalon.integration.analytics.exceptions.AnalyticsApiExeception: {"error":"access_denied","error_description":"Either this resource does not exist, or the current user does not have permissions to access this resource"}
	at com.kms.katalon.integration.analytics.providers.AnalyticsApiProvider.executeRequest(AnalyticsApiProvider.java:745)
	at com.kms.katalon.integration.analytics.providers.AnalyticsApiProvider.executeRequest(AnalyticsApiProvider.java:757)
	at com.kms.katalon.integration.analytics.providers.AnalyticsApiProvider.updateTestRunResult(AnalyticsApiProvider.java:802)
	at com.kms.katalon.integration.analytics.report.AnalyticsReportService.updateExecutionProccess(AnalyticsReportService.java:228)
	at com.kms.katalon.integration.analytics.report.AnalyticsReportIntegration.notifyProccess(AnalyticsReportIntegration.java:250)
	at com.kms.katalon.execution.launcher.BasicLauncher.notifyProccess(BasicLauncher.java:66)
	at com.kms.katalon.execution.launcher.ProcessLauncher.setStatus(ProcessLauncher.java:87)
	at com.kms.katalon.execution.launcher.ProcessLauncher.onWatchdogComplete(ProcessLauncher.java:196)
	at com.kms.katalon.execution.launcher.LaunchWatchdog.notifyProcessTerminated(LaunchWatchdog.java:136)
	at com.kms.katalon.execution.launcher.LaunchWatchdog.run(LaunchWatchdog.java:66)
	at java.lang.Thread.run(Thread.java:748)



Thu Jun 01 11:36:46 ICT 2023
Azure: Enterprise license for this feature is requested


Thu Jun 01 11:36:47 ICT 2023
Azure: Enterprise license for this feature is requested


Thu Jun 01 11:36:47 ICT 2023
Azure: Enterprise license for this feature is requested


Thu Jun 01 11:36:47 ICT 2023
Azure: Enterprise license for this feature is requested

Launcher status after execution process completed: Running

Thu Jun 01 11:51:34 ICT 2023
Azure: Enterprise license for this feature is requested

Launcher status after execution process completed: Running
Launcher status after execution process completed: Running

Thu Jun 01 11:56:21 ICT 2023
Azure: Enterprise license for this feature is requested


Thu Jun 01 12:26:21 ICT 2023
Azure: Enterprise license for this feature is requested


Thu Jun 01 12:56:21 ICT 2023
Azure: Enterprise license for this feature is requested


Thu Jun 01 13:26:21 ICT 2023
Azure: Enterprise license for this feature is requested

Jun 01, 2023 1:39:28 PM org.openqa.selenium.remote.DesiredCapabilities chrome
INFO: Using `new ChromeOptions()` is preferred to `DesiredCapabilities.chrome()`
Jun 01, 2023 1:39:30 PM org.openqa.selenium.remote.ProtocolHandshake createSession
INFO: Detected dialect: W3C

Thu Jun 01 13:56:21 ICT 2023
Azure: Enterprise license for this feature is requested


Thu Jun 01 14:26:21 ICT 2023
Azure: Enterprise license for this feature is requested


Thu Jun 01 14:56:21 ICT 2023
Azure: Enterprise license for this feature is requested


Thu Jun 01 15:26:21 ICT 2023
Azure: Enterprise license for this feature is requested


Thu Jun 01 15:56:21 ICT 2023
Azure: Enterprise license for this feature is requested


Thu Jun 01 16:26:22 ICT 2023
Azure: Enterprise license for this feature is requested


Thu Jun 01 16:56:22 ICT 2023
Azure: Enterprise license for this feature is requested

All launchers terminated
Start clean up session
End check license task
End clean up session
Start release license task
License released
End release license task
