Not a valid list position.
Could not find element with Id 'katalon.composer.objectrepository.handledmenuitem.spyweb'
Could not find element with Id 'com.kms.katalon.composer.integration.analytics.handledtoolitem.katalonTestOps'
Could not find element with Id 'com.kms.katalon.composer.mobile.dynamicmenucontribution.ios'
Could not find element with Id 'com.kms.katalon.composer.mobile.dynamicmenucontribution.ios'
Warning: NLS unused message: Key in: com.kms.katalon.composer.project.constants.composerProjectMessages
Warning: NLS unused message: Key in: com.kms.katalon.composer.testcase.constants.composerTestcaseMessages
Warning: NLS missing message: BTN_ADDTESTSUITE in: com.kms.katalon.composer.testcase.constants.composerTestcaseMessages
Warning: NLS unused message: DIA_LBL_SELECT_TEST_DATA in: com.kms.katalon.composer.testsuite.constants.composerTestsuiteMessages
Warning: NLS unused message: HAND_WARN_TS_REQUIRES_PLUGIN_DYNAMIC_EXECUTION_TO_OPEN in: com.kms.katalon.composer.testsuite.constants.composerTestsuiteMessages
Warning: NLS unused message: DIA_INFO_KSE_COMBINE_MULTI_DATASOURCE in: com.kms.katalon.composer.testsuite.constants.composerTestsuiteMessages
Warning: NLS missing message: DIA_SHELL_DATA_ITERATION in: com.kms.katalon.composer.testsuite.constants.composerTestsuiteMessages
Warning: NLS missing message: DIA_LBL_TO_ROW in: com.kms.katalon.composer.testsuite.constants.composerTestsuiteMessages
Warning: NLS missing message: DIA_MSG_START_ROW_BIGGER_THAN_END_ROW in: com.kms.katalon.composer.testsuite.constants.composerTestsuiteMessages
Warning: NLS missing message: EDI_TITLE_TEST_CASE_BROWSER in: com.kms.katalon.composer.testsuite.constants.composerTestsuiteMessages
Warning: NLS missing message: DIA_MSG_CHOOSE_DATA_COLUMN in: com.kms.katalon.composer.testsuite.constants.composerTestsuiteMessages
Warning: NLS missing message: DIA_TABLE_EMPTY_COLUMN in: com.kms.katalon.composer.testsuite.constants.composerTestsuiteMessages
Warning: NLS missing message: DIA_WARN_MSG_EMPTY_COLUMN_NAME in: com.kms.katalon.composer.testsuite.constants.composerTestsuiteMessages
Warning: NLS missing message: PA_LBL_TOOLTIP_RETRY_IMMEDIATELY in: com.kms.katalon.composer.testsuite.constants.composerTestsuiteMessages
Warning: NLS unused message: Key in: com.kms.katalon.composer.objectrepository.constant.composerObjectRepositoryMessages
WebView Server has been started on port 62422
Warning: NLS missing message: PA_URL_SUPPORT_PORTAL in: com.kms.katalon.constants.messages
Warning: NLS missing message: URL_KATALON_SURVEY in: com.kms.katalon.constants.messages
Warning: NLS missing message: OFFLINE_ACTIVATION in: com.kms.katalon.constants.messages
Warning: NLS missing message: ENTERPRISE_TRIAL_LICENSE in: com.kms.katalon.constants.messages
Warning: NLS missing message: ActivationDialogV2_LBL_ENTERPRISE_LICENSE in: com.kms.katalon.constants.messages
Warning: NLS missing message: About_LBL_EDITION in: com.kms.katalon.constants.messages
Warning: NLS missing message: DIALOG_TITLE_FIRST_TIME_USE_SURVEY in: com.kms.katalon.constants.messages
Warning: NLS missing message: BTN_YES_CONTINUE_USE in: com.kms.katalon.constants.messages
Warning: NLS missing message: BTN_NO_QUIT_USING in: com.kms.katalon.constants.messages
Warning: NLS missing message: BTN_SEND in: com.kms.katalon.constants.messages
Warning: NLS missing message: MSG_QUESTION_WILL_CONTINUE_TO_USE in: com.kms.katalon.constants.messages
Warning: NLS missing message: MSG_QUIT_USING_KATALON_REASON in: com.kms.katalon.constants.messages
Warning: NLS missing message: MSG_QUIT_USING_KATALON_REASON_PLACEHOLDER in: com.kms.katalon.constants.messages
Start checking and mark activated for GUI mode
Start getting machine ID on Windows
Start appending additional signatures
hardwareSerialNumber 
osDependentUsername nguyen duy hau
End appending additional signatures 23493ff8-ea3d-48a0-a24b-77e00dac5ca1__nguyen duy hau
End getting machine ID on Windows 728501d57705b3072697d3e5c69aeff7
End checking and mark activated for GUI mode
Your current licensed session is valid until: June 14, 2023 15:33
Start checking license task
Warning: NLS unused message: LBL_DEFAULT_LOCATOR_SELECTION_AREA in: com.katalon.plugin.smart_xpath.constant.SmartXpathMessages

Tue Jun 13 15:33:50 ICT 2023
Azure: Enterprise license for this feature is requested

Warning: NLS unused message: DIA_LBL_LIST_OF_COL_NAMES in: com.kms.katalon.composer.components.impl.constants.composerComponentsImplMessages
Warning: NLS unused message: DIA_LBL_SELECT_A_COL in: com.kms.katalon.composer.components.impl.constants.composerComponentsImplMessages
Latest plugins responses: []
Katalon version: 8.6.5
Plugin info URL: https://store.katalon.com/api/products/ks?appVersion=8.6.5&appType=KSE&licenseType=FREE

Tue Jun 13 15:34:03 ICT 2023
Azure: Enterprise license for this feature is requested

Katalon TestOps: Unexpected response, URL: https://testops.katalon.io/api/v1/total-execution-comparison?projectId=982699&timeString=2023-06-13T15%3A34%3A16%2B07%3A00, Status: 403, Response: {"error":"access_denied","error_description":"Either this resource does not exist, or the current user does not have permissions to access this resource"}

Tue Jun 13 15:34:17 ICT 2023
com.kms.katalon.integration.analytics.exceptions.AnalyticsApiExeception: {"error":"access_denied","error_description":"Either this resource does not exist, or the current user does not have permissions to access this resource"}
	at com.kms.katalon.integration.analytics.providers.AnalyticsApiProvider.executeRequest(AnalyticsApiProvider.java:745)
	at com.kms.katalon.integration.analytics.providers.AnalyticsApiProvider.executeRequest(AnalyticsApiProvider.java:757)
	at com.kms.katalon.integration.analytics.providers.AnalyticsApiProvider.getTotalExecutionsStatistics(AnalyticsApiProvider.java:1108)
	at com.kms.katalon.webserver.handlers.TestOpsProjectInfoHandler.customHandle(TestOpsProjectInfoHandler.java:47)
	at com.kms.katalon.webserver.CustomHttpHandler.handle(CustomHttpHandler.java:14)
	at com.sun.net.httpserver.Filter$Chain.doFilter(Filter.java:79)
	at sun.net.httpserver.AuthFilter.doFilter(AuthFilter.java:83)
	at com.sun.net.httpserver.Filter$Chain.doFilter(Filter.java:82)
	at sun.net.httpserver.ServerImpl$Exchange$LinkHandler.handle(ServerImpl.java:675)
	at com.sun.net.httpserver.Filter$Chain.doFilter(Filter.java:79)
	at sun.net.httpserver.ServerImpl$Exchange.run(ServerImpl.java:647)
	at java.util.concurrent.ThreadPoolExecutor.runWorker(ThreadPoolExecutor.java:1149)
	at java.util.concurrent.ThreadPoolExecutor$Worker.run(ThreadPoolExecutor.java:624)
	at java.lang.Thread.run(Thread.java:748)


Katalon TestOps: Unexpected response, URL: https://testops.katalon.io/api/v1/search?q=%7B%0A++%22type%22%3A+%22Execution%22%2C%0A++%22conditions%22%3A+%5B%0A++++%7B%0A++++++%22key%22%3A+%22Project.id%22%2C%0A++++++%22operator%22%3A+%22%5Cu003d%22%2C%0A++++++%22value%22%3A+%22982699%22%0A++++%7D%2C%0A++++%7B%0A++++++%22key%22%3A+%22executionStage%22%2C%0A++++++%22operator%22%3A+%22%5Cu003d%22%2C%0A++++++%22value%22%3A+%22COMPLETED%22%0A++++%7D%2C%0A++++%7B%0A++++++%22key%22%3A+%22status%22%2C%0A++++++%22operator%22%3A+%22%21%5Cu003d%22%2C%0A++++++%22value%22%3A+%22INCOMPLETE%22%0A++++%7D%0A++%5D%2C%0A++%22pagination%22%3A+%7B%0A++++%22page%22%3A+0%2C%0A++++%22size%22%3A+3%2C%0A++++%22sorts%22%3A+%5B%0A++++++%22order%2Cdesc%22%0A++++%5D%0A++%7D%2C%0A++%22groupBys%22%3A+%5B%5D%0A%7D, Status: 403, Response: {"error":"access_denied","error_description":"Either this resource does not exist, or the current user does not have permissions to access this resource"}

Tue Jun 13 15:34:17 ICT 2023
com.kms.katalon.integration.analytics.exceptions.AnalyticsApiExeception: {"error":"access_denied","error_description":"Either this resource does not exist, or the current user does not have permissions to access this resource"}
	at com.kms.katalon.integration.analytics.providers.AnalyticsApiProvider.executeRequest(AnalyticsApiProvider.java:745)
	at com.kms.katalon.integration.analytics.providers.AnalyticsApiProvider.executeRequest(AnalyticsApiProvider.java:757)
	at com.kms.katalon.integration.analytics.providers.AnalyticsApiProvider.getCompletedExecutions(AnalyticsApiProvider.java:1013)
	at com.kms.katalon.webserver.handlers.TestOpsProjectInfoHandler.customHandle(TestOpsProjectInfoHandler.java:39)
	at com.kms.katalon.webserver.CustomHttpHandler.handle(CustomHttpHandler.java:14)
	at com.sun.net.httpserver.Filter$Chain.doFilter(Filter.java:79)
	at sun.net.httpserver.AuthFilter.doFilter(AuthFilter.java:83)
	at com.sun.net.httpserver.Filter$Chain.doFilter(Filter.java:82)
	at sun.net.httpserver.ServerImpl$Exchange$LinkHandler.handle(ServerImpl.java:675)
	at com.sun.net.httpserver.Filter$Chain.doFilter(Filter.java:79)
	at sun.net.httpserver.ServerImpl$Exchange.run(ServerImpl.java:647)
	at java.util.concurrent.ThreadPoolExecutor.runWorker(ThreadPoolExecutor.java:1149)
	at java.util.concurrent.ThreadPoolExecutor$Worker.run(ThreadPoolExecutor.java:624)
	at java.lang.Thread.run(Thread.java:748)


Katalon TestOps: Unexpected response, URL: https://testops.katalon.io/api/v1/search?q=%7B%0A++%22type%22%3A+%22ProjectStatisticsCustomizeTime%22%2C%0A++%22conditions%22%3A+%5B%0A++++%7B%0A++++++%22key%22%3A+%22Project.id%22%2C%0A++++++%22operator%22%3A+%22%5Cu003d%22%2C%0A++++++%22value%22%3A+%22982699%22%0A++++%7D%2C%0A++++%7B%0A++++++%22key%22%3A+%22startTime%22%2C%0A++++++%22operator%22%3A+%22%5Cu003e%5Cu003d%22%2C%0A++++++%22value%22%3A+%222023-06-07T00%3A00%3A00%2B07%3A00%22%0A++++%7D%2C%0A++++%7B%0A++++++%22key%22%3A+%22startTime%22%2C%0A++++++%22operator%22%3A+%22%5Cu003c%5Cu003d%22%2C%0A++++++%22value%22%3A+%222023-06-13T23%3A59%3A59%2B07%3A00%22%0A++++%7D%0A++%5D%2C%0A++%22pagination%22%3A+%7B%0A++++%22page%22%3A+0%2C%0A++++%22size%22%3A+30%2C%0A++++%22sorts%22%3A+%5B%0A++++++%22name%2Casc%22%0A++++%5D%0A++%7D%2C%0A++%22groupBys%22%3A+%5B%5D%0A%7D, Status: 403, Response: {"error":"access_denied","error_description":"Either this resource does not exist, or the current user does not have permissions to access this resource"}

Tue Jun 13 15:34:18 ICT 2023
com.kms.katalon.integration.analytics.exceptions.AnalyticsApiExeception: {"error":"access_denied","error_description":"Either this resource does not exist, or the current user does not have permissions to access this resource"}
	at com.kms.katalon.integration.analytics.providers.AnalyticsApiProvider.executeRequest(AnalyticsApiProvider.java:745)
	at com.kms.katalon.integration.analytics.providers.AnalyticsApiProvider.executeRequest(AnalyticsApiProvider.java:757)
	at com.kms.katalon.integration.analytics.providers.AnalyticsApiProvider.getProjectStatisticsInLast7Days(AnalyticsApiProvider.java:1087)
	at com.kms.katalon.webserver.handlers.TestOpsProjectInfoHandler.customHandle(TestOpsProjectInfoHandler.java:43)
	at com.kms.katalon.webserver.CustomHttpHandler.handle(CustomHttpHandler.java:14)
	at com.sun.net.httpserver.Filter$Chain.doFilter(Filter.java:79)
	at sun.net.httpserver.AuthFilter.doFilter(AuthFilter.java:83)
	at com.sun.net.httpserver.Filter$Chain.doFilter(Filter.java:82)
	at sun.net.httpserver.ServerImpl$Exchange$LinkHandler.handle(ServerImpl.java:675)
	at com.sun.net.httpserver.Filter$Chain.doFilter(Filter.java:79)
	at sun.net.httpserver.ServerImpl$Exchange.run(ServerImpl.java:647)
	at java.util.concurrent.ThreadPoolExecutor.runWorker(ThreadPoolExecutor.java:1149)
	at java.util.concurrent.ThreadPoolExecutor$Worker.run(ThreadPoolExecutor.java:624)
	at java.lang.Thread.run(Thread.java:748)



Tue Jun 13 15:34:25 ICT 2023
Azure: Enterprise license for this feature is requested

Warning: NLS unused message: PREF_LBL_ACTIVE_BROWSER_PORT_DO_NOT_SHOW_WARNING_DIALOG in: com.kms.katalon.objectspy.constants.objectspyMessages
Launcher status after execution process completed: Terminated
